Spider mode enabled. Check if remote file exists.
--2025-07-13 16:27:51--  https://www.allianceforcancercareequity.ca/
Resolving www.allianceforcancercareequity.ca (www.allianceforcancercareequity.ca)... 34.149.87.45
Connecting to www.allianceforcancercareequity.ca (www.allianceforcancercareequity.ca)|34.149.87.45|:443... connected.
HTTP request sent, awaiting response... 200 OK
Length: unspecified [text/html]
Remote file exists and could contain links to other resources -- retrieving.

--2025-07-13 16:27:52--  https://www.allianceforcancercareequity.ca/
Reusing existing connection to www.allianceforcancercareequity.ca:443.
HTTP request sent, awaiting response... 200 OK
Length: unspecified [text/html]
Saving to: ‘www.allianceforcancercareequity.ca/index.html.tmp.tmp’

     0K .......... .......... .......... .......... .......... 2.13M
    50K .......... .......... .......... .......... .......... 2.87M
   100K .......... .......... .......... .......... .......... 1.20M
   150K .......... .......... .......... .......... .......... 1.80M
   200K .......... .......... .......... .......... .......... 9.88M
   250K .......... .......... .......... .......... .......... 1.99M
   300K .......... .......... .......... .......... .......... 1.90M
   350K .......... .......... .......... .......... .......... 1.98M
   400K .......... .......... .......... .......... .......... 1.97M
   450K .......... .......... .......... .......... .......... 8.46M
   500K .......... .......... .......... .......... .......... 2.16M
   550K .......... .......... .......... .......... .......... 2.06M
   600K .......... .......... .......... .......... .......... 20.9M
   650K .......... .......... .......... .......... .......... 1.90M
   700K .......... .......... .......... .......... .......... 2.12M
   750K .......... .......... .......... .......... .......... 9.82M
   800K .......... .......... .......... .......... .......... 1.83M
   850K .......... .......... .......... .......... .......... 16.4M
   900K .......... .......... .......... .......... .......... 11.3M
   950K                                                        8.44K=0.4s

2025-07-13 16:27:53 (2.62 MB/s) - ‘www.allianceforcancercareequity.ca/index.html.tmp.tmp’ saved [973232]

Loading robots.txt; please ignore errors.
--2025-07-13 16:27:53--  https://www.allianceforcancercareequity.ca/robots.txt
Reusing existing connection to www.allianceforcancercareequity.ca:443.
HTTP request sent, awaiting response... 200 OK
Length: 548 [text/plain]
Saving to: ‘www.allianceforcancercareequity.ca/robots.txt’

     0K                                                       100% 8.17M=0s

2025-07-13 16:27:53 (8.17 MB/s) - ‘www.allianceforcancercareequity.ca/robots.txt’ saved [548/548]

Removing www.allianceforcancercareequity.ca/robots.txt.
Removing www.allianceforcancercareequity.ca/index.html.tmp.tmp.

Spider mode enabled. Check if remote file exists.
--2025-07-13 16:27:53--  https://www.allianceforcancercareequity.ca/about-us
Reusing existing connection to www.allianceforcancercareequity.ca:443.
HTTP request sent, awaiting response... 200 OK
Length: unspecified [text/html]
Remote file exists and could contain links to other resources -- retrieving.

--2025-07-13 16:27:54--  https://www.allianceforcancercareequity.ca/about-us
Reusing existing connection to www.allianceforcancercareequity.ca:443.
HTTP request sent, awaiting response... 200 OK
Length: unspecified [text/html]
Saving to: ‘www.allianceforcancercareequity.ca/about-us.tmp.tmp’

     0K .......... .......... .......... .......... .......... 11.0M
    50K .......... .......... .......... .......... .......... 17.6M
   100K .......... .......... .......... .......... .......... 11.8M
   150K .......... .......... .......... .......... .......... 43.3M
   200K .......... .......... .......... .......... .......... 3.62M
   250K .......... .......... .......... .......... .......... 7.21M
   300K .......... .......... .......... .......... .......... 1.72M
   350K .......... .......... .......... .......... .......... 48.9M
   400K .......... .......... .......... .......... ..........  117M
   450K .......... .......... .......... .......... .......... 4.24M
   500K .......... .......... .......... .......... .......... 7.60M
   550K .......... .......... .......... .......... .......... 10.9M
   600K .......... .......... .......... .......... .......... 2.67M
   650K .......... .......... .......... .......... ..........  103M
   700K .......... .......... .......... .......... .......... 39.8M
   750K .......... .......... .......... .......... .......... 10.9M
   800K .......... .......... .......... .......... .......... 4.03M
   850K .......... .......... .......... .......... .......... 3.61M
   900K .......... .......... ....                              149M=0.1s

2025-07-13 16:27:54 (6.68 MB/s) - ‘www.allianceforcancercareequity.ca/about-us.tmp.tmp’ saved [946746]

Removing www.allianceforcancercareequity.ca/about-us.tmp.tmp.

Spider mode enabled. Check if remote file exists.
--2025-07-13 16:27:54--  https://www.allianceforcancercareequity.ca/meet-the-board
Reusing existing connection to www.allianceforcancercareequity.ca:443.
HTTP request sent, awaiting response... 200 OK
Length: unspecified [text/html]
Remote file exists and could contain links to other resources -- retrieving.

--2025-07-13 16:27:55--  https://www.allianceforcancercareequity.ca/meet-the-board
Reusing existing connection to www.allianceforcancercareequity.ca:443.
HTTP request sent, awaiting response... 200 OK
Length: unspecified [text/html]
Saving to: ‘www.allianceforcancercareequity.ca/meet-the-board.tmp.tmp’

     0K .......... .......... .......... .......... .......... 6.94M
    50K .......... .......... .......... .......... .......... 27.0M
   100K .......... .......... .......... .......... .......... 54.0M
   150K .......... .......... .......... .......... .......... 47.9M
   200K .......... .......... .......... .......... .......... 23.3M
   250K .......... .......... .......... .......... .......... 27.9M
   300K .......... .......... .......... .......... .......... 49.2M
   350K .......... .......... .......... .......... .......... 1.89M
   400K .......... .......... .......... .......... .......... 43.3M
   450K .......... .......... .......... .......... .......... 2.32M
   500K .......... .......... .......... .......... .......... 11.1M
   550K .......... .......... .......... .......... .......... 7.66M
   600K .......... .......... .......... .......... .......... 3.14M
   650K .......... .......... .......... .......... .......... 26.1M
   700K .......... .......... .......... .......... .......... 50.7M
   750K .......... .......... .......... .......... .......... 43.5M
   800K .......... .......... .......... .......... .......... 1.89M
   850K .......... .......... .......... .......... .......... 42.1M
   900K .......... .......... .......... ......                 141M=0.1s

2025-07-13 16:27:55 (7.55 MB/s) - ‘www.allianceforcancercareequity.ca/meet-the-board.tmp.tmp’ saved [959103]

Removing www.allianceforcancercareequity.ca/meet-the-board.tmp.tmp.

Spider mode enabled. Check if remote file exists.
--2025-07-13 16:27:55--  https://www.allianceforcancercareequity.ca/meet-our-partners
Reusing existing connection to www.allianceforcancercareequity.ca:443.
HTTP request sent, awaiting response... 200 OK
Length: unspecified [text/html]
Remote file exists and could contain links to other resources -- retrieving.

--2025-07-13 16:27:56--  https://www.allianceforcancercareequity.ca/meet-our-partners
Reusing existing connection to www.allianceforcancercareequity.ca:443.
HTTP request sent, awaiting response... 200 OK
Length: unspecified [text/html]
Saving to: ‘www.allianceforcancercareequity.ca/meet-our-partners.tmp.tmp’

     0K .......... .......... .......... .......... .......... 22.7M
    50K .......... .......... .......... .......... .......... 27.8M
   100K .......... .......... .......... .......... ..........  214M
   150K .......... .......... .......... .......... .......... 25.5M
   200K .......... .......... .......... .......... ..........  106M
   250K .......... .......... .......... .......... .......... 11.8M
   300K .......... .......... .......... .......... ..........  271M
   350K .......... .......... .......... .......... ..........  284M
   400K .......... .......... .......... .......... ..........  265M
   450K .......... .......... .......... .......... .......... 15.2M
   500K .......... .......... .......... .......... .......... 30.2M
   550K .......... .......... .......... .......... .......... 8.77M
   600K .......... .......... .......... .......... .......... 35.7M
   650K .......... .......... .......... .......... .......... 14.4M
   700K .......... .......... .......... .......... .......... 53.5M
   750K .......... .......... .......... .......... .......... 54.4M
   800K .......... .......... .......... .......... .......... 94.6M
   850K .......... .......... .......... ........               129M=0.03s

2025-07-13 16:27:56 (30.0 MB/s) - ‘www.allianceforcancercareequity.ca/meet-our-partners.tmp.tmp’ saved [909697]

Removing www.allianceforcancercareequity.ca/meet-our-partners.tmp.tmp.

Spider mode enabled. Check if remote file exists.
--2025-07-13 16:27:56--  https://www.allianceforcancercareequity.ca/acce-champions
Reusing existing connection to www.allianceforcancercareequity.ca:443.
HTTP request sent, awaiting response... 200 OK
Length: unspecified [text/html]
Remote file exists and could contain links to other resources -- retrieving.

--2025-07-13 16:27:58--  https://www.allianceforcancercareequity.ca/acce-champions
Reusing existing connection to www.allianceforcancercareequity.ca:443.
HTTP request sent, awaiting response... 200 OK
Length: unspecified [text/html]
Saving to: ‘www.allianceforcancercareequity.ca/acce-champions.tmp.tmp’

     0K .......... .......... .......... .......... .......... 4.12M
    50K .......... .......... .......... .......... .......... 38.3M
   100K .......... .......... .......... .......... .......... 3.84M
   150K .......... .......... .......... .......... .......... 1.93M
   200K .......... .......... .......... .......... .......... 1.86M
   250K .......... .......... .......... .......... .......... 1.84M
   300K .......... .......... .......... .......... .......... 1.89M
   350K .......... .......... .......... .......... .......... 24.9M
   400K .......... .......... .......... .......... .......... 1.92M
   450K .......... .......... .......... .......... .......... 2.05M
   500K .......... .......... .......... .......... .......... 1.97M
   550K .......... .......... .......... .......... .......... 24.2M
   600K .......... .......... .......... .......... .......... 1.91M
   650K .......... .......... .......... .......... .......... 21.8M
   700K .......... .......... .......... .......... .......... 2.00M
   750K .......... .......... .......... .......... .......... 50.7M
   800K .......... .......... .......... .......... .......... 1.99M
   850K .......... .......... .......... .......... .......... 76.9M
   900K .....                                                  43.0M=0.3s

2025-07-13 16:27:59 (3.09 MB/s) - ‘www.allianceforcancercareequity.ca/acce-champions.tmp.tmp’ saved [927687]

Removing www.allianceforcancercareequity.ca/acce-champions.tmp.tmp.

Spider mode enabled. Check if remote file exists.
--2025-07-13 16:27:59--  https://www.allianceforcancercareequity.ca/copy-of-50-50-campaign
Reusing existing connection to www.allianceforcancercareequity.ca:443.
HTTP request sent, awaiting response... 200 OK
Length: unspecified [text/html]
Remote file exists and could contain links to other resources -- retrieving.

--2025-07-13 16:28:01--  https://www.allianceforcancercareequity.ca/copy-of-50-50-campaign
Reusing existing connection to www.allianceforcancercareequity.ca:443.
HTTP request sent, awaiting response... 200 OK
Length: unspecified [text/html]
Saving to: ‘www.allianceforcancercareequity.ca/copy-of-50-50-campaign.tmp.tmp’

     0K .......... .......... .......... .......... .......... 2.53M
    50K .......... .......... .......... .......... .......... 1.95M
   100K .......... .......... .......... .......... .......... 1.93M
   150K .......... .......... .......... .......... .......... 1.89M
   200K .......... .......... .......... .......... .......... 1.97M
   250K .......... .......... .......... .......... .......... 2.00M
   300K .......... .......... .......... .......... .......... 45.8M
   350K .......... .......... .......... .......... .......... 1.69M
   400K .......... .......... .......... .......... .......... 2.56M
   450K .......... .......... .......... .......... .......... 2.18M
   500K .......... .......... .......... .......... .......... 14.6M
   550K .......... .......... .......... .......... .......... 2.13M
   600K .......... .......... .......... .......... .......... 43.7M
   650K .......... .......... .......... .......... .......... 2.07M
   700K .......... .......... .......... .......... .......... 20.3M
   750K .......... .......... .......... .......... ..........  126M
   800K .......... .......... .......... .......... .......... 1.83M
   850K .......... .......... .......... .......... .......... 34.7M
   900K .......... .                                           37.5M=0.3s

2025-07-13 16:28:01 (2.98 MB/s) - ‘www.allianceforcancercareequity.ca/copy-of-50-50-campaign.tmp.tmp’ saved [932935]

Removing www.allianceforcancercareequity.ca/copy-of-50-50-campaign.tmp.tmp.

Spider mode enabled. Check if remote file exists.
--2025-07-13 16:28:01--  https://www.allianceforcancercareequity.ca/our-projects
Reusing existing connection to www.allianceforcancercareequity.ca:443.
HTTP request sent, awaiting response... 200 OK
Length: unspecified [text/html]
Remote file exists and could contain links to other resources -- retrieving.

--2025-07-13 16:28:02--  https://www.allianceforcancercareequity.ca/our-projects
Reusing existing connection to www.allianceforcancercareequity.ca:443.
HTTP request sent, awaiting response... 200 OK
Length: 1110539 (1.1M) [text/html]
Saving to: ‘www.allianceforcancercareequity.ca/our-projects.tmp.tmp’

     0K .......... .......... .......... .......... ..........  4% 11.5M 0s
    50K .......... .......... .......... .......... ..........  9% 56.0M 0s
   100K .......... .......... .......... .......... .......... 13% 66.1M 0s
   150K .......... .......... .......... .......... .......... 18%  244M 0s
   200K .......... .......... .......... .......... .......... 23%  354M 0s
   250K .......... .......... .......... .......... .......... 27% 7.18M 0s
   300K .......... .......... .......... .......... .......... 32%  202M 0s
   350K .......... .......... .......... .......... .......... 36%  206M 0s
   400K .......... .......... .......... .......... .......... 41%  370M 0s
   450K .......... .......... .......... .......... .......... 46% 28.3M 0s
   500K .......... .......... .......... .......... .......... 50%  354M 0s
   550K .......... .......... .......... .......... .......... 55%  227M 0s
   600K .......... .......... .......... .......... .......... 59%  291M 0s
   650K .......... .......... .......... .......... .......... 64% 32.1M 0s
   700K .......... .......... .......... .......... .......... 69%  344M 0s
   750K .......... .......... .......... .......... .......... 73%  245M 0s
   800K .......... .......... .......... .......... .......... 78%  362M 0s
   850K .......... .......... .......... .......... .......... 82%  381M 0s
   900K .......... .......... .......... .......... .......... 87% 12.8M 0s
   950K .......... .......... .......... .......... .......... 92% 28.5M 0s
  1000K .......... .......... .......... .......... .......... 96%  117M 0s
  1050K .......... .......... .......... ....                 100%  223M=0.02s

2025-07-13 16:28:02 (44.0 MB/s) - ‘www.allianceforcancercareequity.ca/our-projects.tmp.tmp’ saved [1110539/1110539]

Removing www.allianceforcancercareequity.ca/our-projects.tmp.tmp.

Spider mode enabled. Check if remote file exists.
--2025-07-13 16:28:02--  https://www.allianceforcancercareequity.ca/fund-cancer-treatment-and-related-costs
Reusing existing connection to www.allianceforcancercareequity.ca:443.
HTTP request sent, awaiting response... 200 OK
Length: unspecified [text/html]
Remote file exists and could contain links to other resources -- retrieving.

--2025-07-13 16:28:03--  https://www.allianceforcancercareequity.ca/fund-cancer-treatment-and-related-costs
Reusing existing connection to www.allianceforcancercareequity.ca:443.
HTTP request sent, awaiting response... 200 OK
Length: unspecified [text/html]
Saving to: ‘www.allianceforcancercareequity.ca/fund-cancer-treatment-and-related-costs.tmp.tmp’

     0K .......... .......... .......... .......... .......... 13.1M
    50K .......... .......... .......... .......... ..........  271M
   100K .......... .......... .......... .......... ..........  156M
   150K .......... .......... .......... .......... ..........  126M
   200K .......... .......... .......... .......... ..........  212M
   250K .......... .......... .......... .......... .......... 43.2M
   300K .......... .......... .......... .......... ..........  181M
   350K .......... .......... .......... .......... .......... 64.8M
   400K .......... .......... .......... .......... ..........  238M
   450K .......... .......... .......... .......... .......... 10.3M
   500K .......... .......... .......... .......... .......... 13.9M
   550K .......... .......... .......... .......... .......... 5.51M
   600K .......... .......... .......... .......... .......... 5.41M
   650K .......... .......... .......... .......... .......... 52.1M
   700K .......... .......... .......... .......... .......... 7.68M
   750K .......... .......... .......... .......... .......... 4.51M
   800K .......... .......... .......... .......... .......... 9.01M
   850K .......... .......... .......... .......... .......... 13.5M
   900K ........                                               35.8M=0.06s

2025-07-13 16:28:03 (14.6 MB/s) - ‘www.allianceforcancercareequity.ca/fund-cancer-treatment-and-related-costs.tmp.tmp’ saved [929903]

Removing www.allianceforcancercareequity.ca/fund-cancer-treatment-and-related-costs.tmp.tmp.

Spider mode enabled. Check if remote file exists.
--2025-07-13 16:28:03--  https://www.allianceforcancercareequity.ca/support-community-healthcare-centers
Reusing existing connection to www.allianceforcancercareequity.ca:443.
HTTP request sent, awaiting response... 200 OK
Length: unspecified [text/html]
Remote file exists and could contain links to other resources -- retrieving.

--2025-07-13 16:28:04--  https://www.allianceforcancercareequity.ca/support-community-healthcare-centers
Reusing existing connection to www.allianceforcancercareequity.ca:443.
HTTP request sent, awaiting response... 200 OK
Length: unspecified [text/html]
Saving to: ‘www.allianceforcancercareequity.ca/support-community-healthcare-centers.tmp.tmp’

     0K .......... .......... .......... .......... .......... 26.3M
    50K .......... .......... .......... .......... .......... 52.6M
   100K .......... .......... .......... .......... ..........  101M
   150K .......... .......... .......... .......... .......... 44.2M
   200K .......... .......... .......... .......... ..........  543M
   250K .......... .......... .......... .......... ..........  128M
   300K .......... .......... .......... .......... .......... 95.7M
   350K .......... .......... .......... .......... .......... 4.39M
   400K .......... .......... .......... .......... ..........  651M
   450K .......... .......... .......... .......... ..........  678M
   500K .......... .......... .......... .......... .......... 14.1M
   550K .......... .......... .......... .......... ..........  461M
   600K .......... .......... .......... .......... ..........  678M
   650K .......... .......... .......... .......... .......... 9.20M
   700K .......... .......... .......... .......... .......... 56.8M
   750K .......... .......... .......... .......... .......... 2.86M
   800K .......... .......... .......... .......... .......... 65.5M
   850K .......... .......... .......... .......... .......... 42.6M
   900K .......... ......                                       225M=0.05s

2025-07-13 16:28:04 (19.7 MB/s) - ‘www.allianceforcancercareequity.ca/support-community-healthcare-centers.tmp.tmp’ saved [938100]

Removing www.allianceforcancercareequity.ca/support-community-healthcare-centers.tmp.tmp.

Spider mode enabled. Check if remote file exists.
--2025-07-13 16:28:04--  https://www.allianceforcancercareequity.ca/assistance-to-education-and-training
Reusing existing connection to www.allianceforcancercareequity.ca:443.
HTTP request sent, awaiting response... 200 OK
Length: unspecified [text/html]
Remote file exists and could contain links to other resources -- retrieving.

--2025-07-13 16:28:05--  https://www.allianceforcancercareequity.ca/assistance-to-education-and-training
Reusing existing connection to www.allianceforcancercareequity.ca:443.
HTTP request sent, awaiting response... 200 OK
Length: unspecified [text/html]
Saving to: ‘www.allianceforcancercareequity.ca/assistance-to-education-and-training.tmp.tmp’

     0K .......... .......... .......... .......... .......... 13.8M
    50K .......... .......... .......... .......... .......... 1.73M
   100K .......... .......... .......... .......... .......... 1.92M
   150K .......... .......... .......... .......... .......... 25.1M
   200K .......... .......... .......... .......... .......... 1.95M
   250K .......... .......... .......... .......... .......... 42.7M
   300K .......... .......... .......... .......... .......... 1.52M
   350K .......... .......... .......... .......... .......... 50.1M
   400K .......... .......... .......... .......... ..........  341M
   450K .......... .......... .......... .......... .......... 2.46M
   500K .......... .......... .......... .......... .......... 28.7M
   550K .......... .......... .......... .......... .......... 13.9M
   600K .......... .......... .......... .......... .......... 2.26M
   650K .......... .......... .......... .......... .......... 8.14M
   700K .......... .......... .......... .......... .......... 52.7M
   750K .......... .......... .......... .......... ..........  151M
   800K .......... .......... .......... .......... .......... 2.18M
   850K .......... .......... .......... .......... .......... 44.8M
   900K .....                                                  53.4M=0.2s

2025-07-13 16:28:05 (4.51 MB/s) - ‘www.allianceforcancercareequity.ca/assistance-to-education-and-training.tmp.tmp’ saved [927311]

Removing www.allianceforcancercareequity.ca/assistance-to-education-and-training.tmp.tmp.

Spider mode enabled. Check if remote file exists.
--2025-07-13 16:28:05--  https://www.allianceforcancercareequity.ca/build-a-cancer-center
Reusing existing connection to www.allianceforcancercareequity.ca:443.
HTTP request sent, awaiting response... 200 OK
Length: unspecified [text/html]
Remote file exists and could contain links to other resources -- retrieving.

--2025-07-13 16:28:06--  https://www.allianceforcancercareequity.ca/build-a-cancer-center
Reusing existing connection to www.allianceforcancercareequity.ca:443.
HTTP request sent, awaiting response... 200 OK
Length: unspecified [text/html]
Saving to: ‘www.allianceforcancercareequity.ca/build-a-cancer-center.tmp.tmp’

     0K .......... .......... .......... .......... ..........  102M
    50K .......... .......... .......... .......... ..........  252M
   100K .......... .......... .......... .......... ..........  261M
   150K .......... .......... .......... .......... .......... 19.1M
   200K .......... .......... .......... .......... .......... 4.96M
   250K .......... .......... .......... .......... ..........  105M
   300K .......... .......... .......... .......... .......... 9.19M
   350K .......... .......... .......... .......... ..........  106M
   400K .......... .......... .......... .......... .......... 4.32M
   450K .......... .......... .......... .......... ..........  248M
   500K .......... .......... .......... .......... .......... 6.90M
   550K .......... .......... .......... .......... .......... 22.7M
   600K .......... .......... .......... .......... .......... 15.9M
   650K .......... .......... .......... .......... .......... 7.50M
   700K .......... .......... .......... .......... .......... 2.41M
   750K .......... .......... .......... .......... .......... 8.65M
   800K .......... .......... .......... .......... .......... 71.6M
   850K .......... .......... .......... .......... .......... 6.22M
   900K ....                                                   88.8K=0.08s

2025-07-13 16:28:06 (10.5 MB/s) - ‘www.allianceforcancercareequity.ca/build-a-cancer-center.tmp.tmp’ saved [926149]

Removing www.allianceforcancercareequity.ca/build-a-cancer-center.tmp.tmp.

Spider mode enabled. Check if remote file exists.
--2025-07-13 16:28:06--  https://www.allianceforcancercareequity.ca/ways-to-give
Reusing existing connection to www.allianceforcancercareequity.ca:443.
HTTP request sent, awaiting response... 200 OK
Length: unspecified [text/html]
Remote file exists and could contain links to other resources -- retrieving.

--2025-07-13 16:28:07--  https://www.allianceforcancercareequity.ca/ways-to-give
Reusing existing connection to www.allianceforcancercareequity.ca:443.
HTTP request sent, awaiting response... 200 OK
Length: unspecified [text/html]
Saving to: ‘www.allianceforcancercareequity.ca/ways-to-give.tmp.tmp’

     0K .......... .......... .......... .......... .......... 79.4M
    50K .......... .......... .......... .......... .......... 9.37M
   100K .......... .......... .......... .......... .......... 98.6M
   150K .......... .......... .......... .......... ..........  270M
   200K .......... .......... .......... .......... ..........  264M
   250K .......... .......... .......... .......... ..........  270M
   300K .......... .......... .......... .......... ..........  171M
   350K .......... .......... .......... .......... .......... 8.49M
   400K .......... .......... .......... .......... ..........  231M
   450K .......... .......... .......... .......... .......... 17.6M
   500K .......... .......... .......... .......... .......... 13.2M
   550K .......... .......... .......... .......... ..........  351M
   600K .......... .......... .......... .......... ..........  400M
   650K .......... .......... .......... .......... ..........  317M
   700K .......... .......... .......... .......... ..........  370M
   750K .......... .......... .......... .......... ..........  349M
   800K .......... .......... .......... .......... ..........  123M
   850K .......... .......... .......... .......... .......... 2.68M
   900K .......... .......... ........                          149M=0.04s

2025-07-13 16:28:07 (23.2 MB/s) - ‘www.allianceforcancercareequity.ca/ways-to-give.tmp.tmp’ saved [950805]

Removing www.allianceforcancercareequity.ca/ways-to-give.tmp.tmp.

Spider mode enabled. Check if remote file exists.
--2025-07-13 16:28:07--  https://www.allianceforcancercareequity.ca/copy-of-get-involved-1
Reusing existing connection to www.allianceforcancercareequity.ca:443.
HTTP request sent, awaiting response... 200 OK
Length: unspecified [text/html]
Remote file exists and could contain links to other resources -- retrieving.

--2025-07-13 16:28:08--  https://www.allianceforcancercareequity.ca/copy-of-get-involved-1
Reusing existing connection to www.allianceforcancercareequity.ca:443.
HTTP request sent, awaiting response... 200 OK
Length: 915794 (894K) [text/html]
Saving to: ‘www.allianceforcancercareequity.ca/copy-of-get-involved-1.tmp.tmp’

     0K .......... .......... .......... .......... ..........  5% 30.5M 0s
    50K .......... .......... .......... .......... .......... 11%  253M 0s
   100K .......... .......... .......... .......... .......... 16% 60.7M 0s
   150K .......... .......... .......... .......... .......... 22% 63.5M 0s
   200K .......... .......... .......... .......... .......... 27%  127M 0s
   250K .......... .......... .......... .......... .......... 33% 90.6M 0s
   300K .......... .......... .......... .......... .......... 39% 22.2M 0s
   350K .......... .......... .......... .......... .......... 44%  167M 0s
   400K .......... .......... .......... .......... .......... 50%  233M 0s
   450K .......... .......... .......... .......... .......... 55% 44.9M 0s
   500K .......... .......... .......... .......... .......... 61%  282M 0s
   550K .......... .......... .......... .......... .......... 67%  260M 0s
   600K .......... .......... .......... .......... .......... 72%  230M 0s
   650K .......... .......... .......... .......... .......... 78%  100M 0s
   700K .......... .......... .......... .......... .......... 83% 91.3M 0s
   750K .......... .......... .......... .......... .......... 89% 41.5M 0s
   800K .......... .......... .......... .......... .......... 95%  364M 0s
   850K .......... .......... .......... .......... ....      100%  208M=0.01s

2025-07-13 16:28:08 (78.0 MB/s) - ‘www.allianceforcancercareequity.ca/copy-of-get-involved-1.tmp.tmp’ saved [915794/915794]

Removing www.allianceforcancercareequity.ca/copy-of-get-involved-1.tmp.tmp.

Spider mode enabled. Check if remote file exists.
--2025-07-13 16:28:08--  https://www.allianceforcancercareequity.ca/champions-campaign
Reusing existing connection to www.allianceforcancercareequity.ca:443.
HTTP request sent, awaiting response... 200 OK
Length: unspecified [text/html]
Remote file exists and could contain links to other resources -- retrieving.

--2025-07-13 16:28:10--  https://www.allianceforcancercareequity.ca/champions-campaign
Reusing existing connection to www.allianceforcancercareequity.ca:443.
HTTP request sent, awaiting response... 200 OK
Length: unspecified [text/html]
Saving to: ‘www.allianceforcancercareequity.ca/champions-campaign.tmp.tmp’

     0K .......... .......... .......... .......... .......... 17.7M
    50K .......... .......... .......... .......... .......... 7.99M
   100K .......... .......... .......... .......... .......... 1.54M
   150K .......... .......... .......... .......... .......... 58.1M
   200K .......... .......... .......... .......... .......... 1.52M
   250K .......... .......... .......... .......... .......... 1.58M
   300K .......... .......... .......... .......... .......... 52.7M
   350K .......... .......... .......... .......... .......... 1.57M
   400K .......... .......... .......... .......... .......... 23.9M
   450K .......... .......... .......... .......... .......... 10.6M
   500K .......... .......... .......... .......... .......... 1.68M
   550K .......... .......... .......... .......... .......... 35.9M
   600K .......... .......... .......... .......... .......... 1.80M
   650K .......... .......... .......... .......... .......... 53.4M
   700K .......... .......... .......... .......... .......... 19.0M
   750K .......... .......... .......... .......... .......... 1.89M
   800K .......... .......... .......... .......... .......... 24.6M
   850K .......... .......... .......... .......... .......... 45.2M
   900K .......... ......                                      27.7M=0.2s

2025-07-13 16:28:10 (3.83 MB/s) - ‘www.allianceforcancercareequity.ca/champions-campaign.tmp.tmp’ saved [938157]

Removing www.allianceforcancercareequity.ca/champions-campaign.tmp.tmp.

Spider mode enabled. Check if remote file exists.
--2025-07-13 16:28:10--  https://www.allianceforcancercareequity.ca/patients-stories
Reusing existing connection to www.allianceforcancercareequity.ca:443.
HTTP request sent, awaiting response... 200 OK
Length: unspecified [text/html]
Remote file exists and could contain links to other resources -- retrieving.

--2025-07-13 16:28:11--  https://www.allianceforcancercareequity.ca/patients-stories
Reusing existing connection to www.allianceforcancercareequity.ca:443.
HTTP request sent, awaiting response... 200 OK
Length: unspecified [text/html]
Saving to: ‘www.allianceforcancercareequity.ca/patients-stories.tmp.tmp’

     0K .......... .......... .......... .......... .......... 10.9M
    50K .......... .......... .......... .......... .......... 32.2M
   100K .......... .......... .......... .......... .......... 25.1M
   150K .......... .......... .......... .......... ..........  292M
   200K .......... .......... .......... .......... ..........  332M
   250K .......... .......... .......... .......... ..........  323M
   300K .......... .......... .......... .......... ..........  334M
   350K .......... .......... .......... .......... ..........  257M
   400K .......... .......... .......... .......... ..........  273M
   450K .......... .......... .......... .......... ..........  249M
   500K .......... .......... .......... .......... ..........  276M
   550K .......... .......... .......... .......... ..........  252M
   600K .......... .......... .......... .......... ..........  273M
   650K .......... .......... .......... .......... ..........  210M
   700K .......... .......... .......... .......... .......... 22.5M
   750K .......... .......... .......... .......... .......... 2.88M
   800K .......... .......... .......... .......... ..........  241M
   850K .......... .......... .......... .......... .......... 7.16M
   900K .......... .......... .......... .......... ....       33.6M=0.04s

2025-07-13 16:28:11 (24.7 MB/s) - ‘www.allianceforcancercareequity.ca/patients-stories.tmp.tmp’ saved [967381]

Removing www.allianceforcancercareequity.ca/patients-stories.tmp.tmp.

Spider mode enabled. Check if remote file exists.
--2025-07-13 16:28:11--  https://www.allianceforcancercareequity.ca/get-involved
Reusing existing connection to www.allianceforcancercareequity.ca:443.
HTTP request sent, awaiting response... 200 OK
Length: unspecified [text/html]
Remote file exists and could contain links to other resources -- retrieving.

--2025-07-13 16:28:11--  https://www.allianceforcancercareequity.ca/get-involved
Reusing existing connection to www.allianceforcancercareequity.ca:443.
HTTP request sent, awaiting response... 200 OK
Length: unspecified [text/html]
Saving to: ‘www.allianceforcancercareequity.ca/get-involved.tmp.tmp’

     0K .......... .......... .......... .......... .......... 31.6M
    50K .......... .......... .......... .......... ..........  488M
   100K .......... .......... .......... .......... ..........  195M
   150K .......... .......... .......... .......... .......... 32.3M
   200K .......... .......... .......... .......... .......... 3.04M
   250K .......... .......... .......... .......... .......... 21.6M
   300K .......... .......... .......... .......... .......... 9.05M
   350K .......... .......... .......... .......... .......... 2.49M
   400K .......... .......... .......... .......... .......... 52.6M
   450K .......... .......... .......... .......... .......... 5.94M
   500K .......... .......... .......... .......... .......... 2.49M
   550K .......... .......... .......... .......... ..........  229M
   600K .......... .......... .......... .......... .......... 21.4M
   650K .......... .......... .......... .......... ..........  144M
   700K .......... .......... .......... .......... .......... 2.09M
   750K .......... .......... .......... .......... .......... 47.0M
   800K .......... .......... .......... .......... .......... 43.3M
   850K .......... .......... .......... .......... ..........  218M
   900K .......... .......... .......... .......... .......... 1.90M
   950K .......... .......... .......... .......... ..........  400M
  1000K .......... .......... .......... .......... .......... 81.4M
  1050K .......... .......... .                                 160M=0.1s

2025-07-13 16:28:11 (8.00 MB/s) - ‘www.allianceforcancercareequity.ca/get-involved.tmp.tmp’ saved [1096706]

Removing www.allianceforcancercareequity.ca/get-involved.tmp.tmp.

Spider mode enabled. Check if remote file exists.
--2025-07-13 16:28:11--  https://www.allianceforcancercareequity.ca/copy-of-get-involved-2
Reusing existing connection to www.allianceforcancercareequity.ca:443.
HTTP request sent, awaiting response... 200 OK
Length: unspecified [text/html]
Remote file exists and could contain links to other resources -- retrieving.

--2025-07-13 16:28:12--  https://www.allianceforcancercareequity.ca/copy-of-get-involved-2
Reusing existing connection to www.allianceforcancercareequity.ca:443.
HTTP request sent, awaiting response... 200 OK
Length: unspecified [text/html]
Saving to: ‘www.allianceforcancercareequity.ca/copy-of-get-involved-2.tmp.tmp’

     0K .......... .......... .......... .......... ..........  110M
    50K .......... .......... .......... .......... .......... 50.2M
   100K .......... .......... .......... .......... .......... 77.0M
   150K .......... .......... .......... .......... ..........  138M
   200K .......... .......... .......... .......... .......... 34.9M
   250K .......... .......... .......... .......... .......... 2.15M
   300K .......... .......... .......... .......... .......... 12.8M
   350K .......... .......... .......... .......... .......... 7.44M
   400K .......... .......... .......... .......... .......... 1.80M
   450K .......... .......... .......... .......... .......... 51.2M
   500K .......... .......... .......... .......... .......... 8.51M
   550K .......... .......... .......... .......... .......... 3.18M
   600K .......... .......... .......... .......... .......... 9.22M
   650K .......... .......... .......... .......... .......... 21.0M
   700K .......... .......... .......... .......... .......... 19.0M
   750K .......... .......... .......... .......... .......... 2.58M
   800K .......... .......... .......... .......... .......... 20.2M
   850K .......... .......... .......... .......... .......... 12.4M
   900K .........                                               197K=0.1s

2025-07-13 16:28:13 (7.31 MB/s) - ‘www.allianceforcancercareequity.ca/copy-of-get-involved-2.tmp.tmp’ saved [931672]

Removing www.allianceforcancercareequity.ca/copy-of-get-involved-2.tmp.tmp.

Spider mode enabled. Check if remote file exists.
--2025-07-13 16:28:13--  https://www.allianceforcancercareequity.ca/volunteer
Reusing existing connection to www.allianceforcancercareequity.ca:443.
HTTP request sent, awaiting response... 200 OK
Length: unspecified [text/html]
Remote file exists and could contain links to other resources -- retrieving.

--2025-07-13 16:28:14--  https://www.allianceforcancercareequity.ca/volunteer
Reusing existing connection to www.allianceforcancercareequity.ca:443.
HTTP request sent, awaiting response... 200 OK
Length: unspecified [text/html]
Saving to: ‘www.allianceforcancercareequity.ca/volunteer.tmp.tmp’

     0K .......... .......... .......... .......... .......... 14.5M
    50K .......... .......... .......... .......... .......... 24.5M
   100K .......... .......... .......... .......... .......... 81.0M
   150K .......... .......... .......... .......... ..........  252M
   200K .......... .......... .......... .......... .......... 21.2M
   250K .......... .......... .......... .......... ..........  265M
   300K .......... .......... .......... .......... ..........  287M
   350K .......... .......... .......... .......... .......... 42.9M
   400K .......... .......... .......... .......... ..........  221M
   450K .......... .......... .......... .......... ..........  273M
   500K .......... .......... .......... .......... ..........  274M
   550K .......... .......... .......... .......... .......... 58.4M
   600K .......... .......... .......... .......... ..........  268M
   650K .......... .......... .......... .......... .......... 26.4M
   700K .......... .......... .......... .......... ..........  263M
   750K .......... .......... .......... .......... ..........  241M
   800K .......... .......... .......... .......... ..........  130M
   850K .......... .......... .......... .......... .......... 16.9M
   900K ....                                                   94.9K=0.02s

2025-07-13 16:28:14 (51.8 MB/s) - ‘www.allianceforcancercareequity.ca/volunteer.tmp.tmp’ saved [926460]

Removing www.allianceforcancercareequity.ca/volunteer.tmp.tmp.

Spider mode enabled. Check if remote file exists.
--2025-07-13 16:28:14--  https://www.allianceforcancercareequity.ca/partner-with-us
Reusing existing connection to www.allianceforcancercareequity.ca:443.
HTTP request sent, awaiting response... 200 OK
Length: unspecified [text/html]
Remote file exists and could contain links to other resources -- retrieving.

--2025-07-13 16:28:15--  https://www.allianceforcancercareequity.ca/partner-with-us
Reusing existing connection to www.allianceforcancercareequity.ca:443.
HTTP request sent, awaiting response... 200 OK
Length: 927954 (906K) [text/html]
Saving to: ‘www.allianceforcancercareequity.ca/partner-with-us.tmp.tmp’

     0K .......... .......... .......... .......... ..........  5% 10.1M 0s
    50K .......... .......... .......... .......... .......... 11%  296M 0s
   100K .......... .......... .......... .......... .......... 16%  160M 0s
   150K .......... .......... .......... .......... .......... 22%  179M 0s
   200K .......... .......... .......... .......... .......... 27%  359M 0s
   250K .......... .......... .......... .......... .......... 33% 61.6M 0s
   300K .......... .......... .......... .......... .......... 38% 45.9M 0s
   350K .......... .......... .......... .......... .......... 44%  193M 0s
   400K .......... .......... .......... .......... .......... 49%  367M 0s
   450K .......... .......... .......... .......... .......... 55% 68.4M 0s
   500K .......... .......... .......... .......... .......... 60%  349M 0s
   550K .......... .......... .......... .......... .......... 66%  373M 0s
   600K .......... .......... .......... .......... .......... 71% 8.78M 0s
   650K .......... .......... .......... .......... .......... 77%  337M 0s
   700K .......... .......... .......... .......... .......... 82%  370M 0s
   750K .......... .......... .......... .......... .......... 88% 14.1M 0s
   800K .......... .......... .......... .......... .......... 93%  588M 0s
   850K .......... .......... .......... .......... .......... 99%  243M 0s
   900K ......                                                100%  124K=0.02s

2025-07-13 16:28:15 (47.7 MB/s) - ‘www.allianceforcancercareequity.ca/partner-with-us.tmp.tmp’ saved [927954/927954]

Removing www.allianceforcancercareequity.ca/partner-with-us.tmp.tmp.

Spider mode enabled. Check if remote file exists.
--2025-07-13 16:28:15--  https://www.allianceforcancercareequity.ca/support-treatment
Reusing existing connection to www.allianceforcancercareequity.ca:443.
HTTP request sent, awaiting response... 200 OK
Length: unspecified [text/html]
Remote file exists and could contain links to other resources -- retrieving.

--2025-07-13 16:28:15--  https://www.allianceforcancercareequity.ca/support-treatment
Reusing existing connection to www.allianceforcancercareequity.ca:443.
HTTP request sent, awaiting response... 200 OK
Length: unspecified [text/html]
Saving to: ‘www.allianceforcancercareequity.ca/support-treatment.tmp.tmp’

     0K .......... .......... .......... .......... .......... 54.6M
    50K .......... .......... .......... .......... .......... 22.3M
   100K .......... .......... .......... .......... .......... 2.31M
   150K .......... .......... .......... .......... .......... 38.6M
   200K .......... .......... .......... .......... .......... 1.78M
   250K .......... .......... .......... .......... .......... 24.5M
   300K .......... .......... .......... .......... .......... 1.78M
   350K .......... .......... .......... .......... .......... 90.3M
   400K .......... .......... .......... .......... .......... 83.8M
   450K .......... .......... .......... .......... .......... 1.73M
   500K .......... .......... .......... .......... ..........  158M
   550K .......... .......... .......... .......... ..........  224M
   600K .......... .......... .......... .......... .......... 1.70M
   650K .......... .......... .......... .......... ..........  270M
   700K .......... .......... .......... .......... .......... 9.73M
   750K .......... .......... .......... .......... .......... 1.88M
   800K .......... .......... .......... .......... .......... 6.05M
   850K .......... .......... .......... .......... ..........  151M
   900K .......                                                 159K=0.2s

2025-07-13 16:28:15 (4.91 MB/s) - ‘www.allianceforcancercareequity.ca/support-treatment.tmp.tmp’ saved [929759]

Removing www.allianceforcancercareequity.ca/support-treatment.tmp.tmp.

Spider mode enabled. Check if remote file exists.
--2025-07-13 16:28:15--  https://www.allianceforcancercareequity.ca/treatment
Reusing existing connection to www.allianceforcancercareequity.ca:443.
HTTP request sent, awaiting response... 200 OK
Length: unspecified [text/html]
Remote file exists and could contain links to other resources -- retrieving.

--2025-07-13 16:28:16--  https://www.allianceforcancercareequity.ca/treatment
Reusing existing connection to www.allianceforcancercareequity.ca:443.
HTTP request sent, awaiting response... 200 OK
Length: unspecified [text/html]
Saving to: ‘www.allianceforcancercareequity.ca/treatment.tmp.tmp’

     0K .......... .......... .......... .......... .......... 21.3M
    50K .......... .......... .......... .......... .......... 42.4M
   100K .......... .......... .......... .......... .......... 34.4M
   150K .......... .......... .......... .......... .......... 4.37M
   200K .......... .......... .......... .......... .......... 43.9M
   250K .......... .......... .......... .......... .......... 1.59M
   300K .......... .......... .......... .......... .......... 42.5M
   350K .......... .......... .......... .......... .......... 1.72M
   400K .......... .......... .......... .......... .......... 1.85M
   450K .......... .......... .......... .......... .......... 39.9M
   500K .......... .......... .......... .......... .......... 1.27M
   550K .......... .......... .......... .......... .......... 59.2M
   600K .......... .......... .......... .......... .......... 3.21M
   650K .......... .......... .......... .......... .......... 49.8M
   700K .......... .......... .......... .......... .......... 1.71M
   750K .......... .......... .......... .......... .......... 38.7M
   800K .......... .......... .......... .......... .......... 50.3M
   850K .......... .......... .......... .......... .......... 1.27M
   900K .......... .......... .......... .......... .......... 20.6M
   950K .......... .......... ......                            109M=0.2s

2025-07-13 16:28:16 (4.11 MB/s) - ‘www.allianceforcancercareequity.ca/treatment.tmp.tmp’ saved [999916]

Removing www.allianceforcancercareequity.ca/treatment.tmp.tmp.

Spider mode enabled. Check if remote file exists.
--2025-07-13 16:28:16--  https://www.allianceforcancercareequity.ca/equipment
Reusing existing connection to www.allianceforcancercareequity.ca:443.
HTTP request sent, awaiting response... 200 OK
Length: unspecified [text/html]
Remote file exists and could contain links to other resources -- retrieving.

--2025-07-13 16:28:18--  https://www.allianceforcancercareequity.ca/equipment
Reusing existing connection to www.allianceforcancercareequity.ca:443.
HTTP request sent, awaiting response... 200 OK
Length: unspecified [text/html]
Saving to: ‘www.allianceforcancercareequity.ca/equipment.tmp.tmp’

     0K .......... .......... .......... .......... .......... 14.2M
    50K .......... .......... .......... .......... .......... 40.3M
   100K .......... .......... .......... .......... .......... 38.5M
   150K .......... .......... .......... .......... .......... 58.7M
   200K .......... .......... .......... .......... .......... 43.9M
   250K .......... .......... .......... .......... .......... 2.87M
   300K .......... .......... .......... .......... .......... 2.08M
   350K .......... .......... .......... .......... .......... 23.4M
   400K .......... .......... .......... .......... .......... 6.38M
   450K .......... .......... .......... .......... .......... 2.70M
   500K .......... .......... .......... .......... .......... 2.35M
   550K .......... .......... .......... .......... .......... 17.6M
   600K .......... .......... .......... .......... .......... 6.14M
   650K .......... .......... .......... .......... .......... 3.29M
   700K .......... .......... .......... .......... .......... 4.85M
   750K .......... .......... .......... .......... .......... 3.71M
   800K .......... .......... .......... .......... .......... 18.9M
   850K .......... .......... .......... .......... .......... 5.72M
   900K .......... .......... .......... .......... .......... 2.82M
   950K .......... .......                                     47.1M=0.2s

2025-07-13 16:28:18 (5.42 MB/s) - ‘www.allianceforcancercareequity.ca/equipment.tmp.tmp’ saved [990933]

Removing www.allianceforcancercareequity.ca/equipment.tmp.tmp.

Spider mode enabled. Check if remote file exists.
--2025-07-13 16:28:18--  https://www.allianceforcancercareequity.ca/contact-us
Reusing existing connection to www.allianceforcancercareequity.ca:443.
HTTP request sent, awaiting response... 200 OK
Length: unspecified [text/html]
Remote file exists and could contain links to other resources -- retrieving.

--2025-07-13 16:28:20--  https://www.allianceforcancercareequity.ca/contact-us
Reusing existing connection to www.allianceforcancercareequity.ca:443.
HTTP request sent, awaiting response... 200 OK
Length: unspecified [text/html]
Saving to: ‘www.allianceforcancercareequity.ca/contact-us.tmp.tmp’

     0K .......... .......... .......... .......... .......... 27.1M
    50K .......... .......... .......... .......... ..........  106M
   100K .......... .......... .......... .......... .......... 4.46M
   150K .......... .......... .......... .......... .......... 1.69M
   200K .......... .......... .......... .......... .......... 3.27M
   250K .......... .......... .......... .......... .......... 2.76M
   300K .......... .......... .......... .......... .......... 4.75M
   350K .......... .......... .......... .......... .......... 2.86M
   400K .......... .......... .......... .......... .......... 4.31M
   450K .......... .......... .......... .......... .......... 5.05M
   500K .......... .......... .......... .......... .......... 6.20M
   550K .......... .......... .......... .......... .......... 4.76M
   600K .......... .......... .......... .......... .......... 6.58M
   650K .......... .......... .......... .......... .......... 4.73M
   700K .......... .......... .......... .......... .......... 9.04M
   750K .......... .......... .......... .......... .......... 5.93M
   800K .......... .......... .......... .......... .......... 5.77M
   850K .......... .......... .......... .......... .......... 20.3M
   900K ........                                               27.1M=0.2s

2025-07-13 16:28:20 (4.83 MB/s) - ‘www.allianceforcancercareequity.ca/contact-us.tmp.tmp’ saved [930091]

Removing www.allianceforcancercareequity.ca/contact-us.tmp.tmp.

Spider mode enabled. Check if remote file exists.
--2025-07-13 16:28:20--  https://www.allianceforcancercareequity.ca/%5C%22https:%5C/%5C/static.parastorage.com%5C/unpkg-semver%5C/mobile-app-invite-banner%5C/mobile-app-invite-banner.css%5C%22
Reusing existing connection to www.allianceforcancercareequity.ca:443.
HTTP request sent, awaiting response... 400 Bad Request
Remote file does not exist -- broken link!!!

Spider mode enabled. Check if remote file exists.
--2025-07-13 16:28:20--  https://www.allianceforcancercareequity.ca/%5C%22https:%5C/%5C/static.parastorage.com%5C/unpkg-semver%5C/mobile-app-invite-banner%5C/mobile-app-invite-banner.umd.min.js%5C%22
Reusing existing connection to www.allianceforcancercareequity.ca:443.
HTTP request sent, awaiting response... 400 Bad Request
Remote file does not exist -- broken link!!!

Spider mode enabled. Check if remote file exists.
--2025-07-13 16:28:20--  https://www.allianceforcancercareequity.ca/_files/ugd/8b0cc2_da52451b58e0486580d2f61fb529a042.pdf
Reusing existing connection to www.allianceforcancercareequity.ca:443.
HTTP request sent, awaiting response... 200 OK
Length: 147151 (144K) [application/pdf]
Remote file exists but does not contain any link -- not retrieving.

Removing www.allianceforcancercareequity.ca/_files/ugd/8b0cc2_da52451b58e0486580d2f61fb529a042.pdf.tmp.
unlink: No such file or directory

Spider mode enabled. Check if remote file exists.
--2025-07-13 16:28:21--  https://www.allianceforcancercareequity.ca/_files/ugd/8b0cc2_98a81b008a1c4305b13efb0356815ad0.pdf
Reusing existing connection to www.allianceforcancercareequity.ca:443.
HTTP request sent, awaiting response... 200 OK
Length: 69433 (68K) [application/pdf]
Remote file exists but does not contain any link -- not retrieving.

Removing www.allianceforcancercareequity.ca/_files/ugd/8b0cc2_98a81b008a1c4305b13efb0356815ad0.pdf.tmp.
unlink: No such file or directory

Spider mode enabled. Check if remote file exists.
--2025-07-13 16:28:21--  https://www.allianceforcancercareequity.ca/_files/ugd/8b0cc2_c7c6d5d121fe44e1a291d9ec541f2179.pdf
Reusing existing connection to www.allianceforcancercareequity.ca:443.
HTTP request sent, awaiting response... 200 OK
Length: 256462 (250K) [application/pdf]
Remote file exists but does not contain any link -- not retrieving.

Removing www.allianceforcancercareequity.ca/_files/ugd/8b0cc2_c7c6d5d121fe44e1a291d9ec541f2179.pdf.tmp.
unlink: No such file or directory

Spider mode enabled. Check if remote file exists.
--2025-07-13 16:28:22--  https://www.allianceforcancercareequity.ca/_files/ugd/8b0cc2_05c00d7ff5df4ef18cb93c7a9fcab698.pdf
Reusing existing connection to www.allianceforcancercareequity.ca:443.
HTTP request sent, awaiting response... 200 OK
Length: 196881 (192K) [application/pdf]
Remote file exists but does not contain any link -- not retrieving.

Removing www.allianceforcancercareequity.ca/_files/ugd/8b0cc2_05c00d7ff5df4ef18cb93c7a9fcab698.pdf.tmp.
unlink: No such file or directory

Spider mode enabled. Check if remote file exists.
--2025-07-13 16:28:22--  https://www.allianceforcancercareequity.ca/_files/ugd/8b0cc2_2bd9fd176f574456a26fe9dbea5030a6.pdf
Reusing existing connection to www.allianceforcancercareequity.ca:443.
HTTP request sent, awaiting response... 200 OK
Length: 205958 (201K) [application/pdf]
Remote file exists but does not contain any link -- not retrieving.

Removing www.allianceforcancercareequity.ca/_files/ugd/8b0cc2_2bd9fd176f574456a26fe9dbea5030a6.pdf.tmp.
unlink: No such file or directory

Spider mode enabled. Check if remote file exists.
--2025-07-13 16:28:23--  https://www.allianceforcancercareequity.ca/media/emptystate.85a4add5.svg
Reusing existing connection to www.allianceforcancercareequity.ca:443.
HTTP request sent, awaiting response... 404 Not Found
Remote file does not exist -- broken link!!!

Spider mode enabled. Check if remote file exists.
--2025-07-13 16:28:23--  https://www.allianceforcancercareequity.ca/cancer-support-forum
Reusing existing connection to www.allianceforcancercareequity.ca:443.
HTTP request sent, awaiting response... 200 OK
Length: unspecified [text/html]
Remote file exists and could contain links to other resources -- retrieving.

--2025-07-13 16:28:24--  https://www.allianceforcancercareequity.ca/cancer-support-forum
Reusing existing connection to www.allianceforcancercareequity.ca:443.
HTTP request sent, awaiting response... 200 OK
Length: 911230 (890K) [text/html]
Saving to: ‘www.allianceforcancercareequity.ca/cancer-support-forum.tmp.tmp’

     0K .......... .......... .......... .......... ..........  5%  128M 0s
    50K .......... .......... .......... .......... .......... 11%  118M 0s
   100K .......... .......... .......... .......... .......... 16% 28.0M 0s
   150K .......... .......... .......... .......... .......... 22%  354M 0s
   200K .......... .......... .......... .......... .......... 28% 1.04G 0s
   250K .......... .......... .......... .......... .......... 33%  996M 0s
   300K .......... .......... .......... .......... .......... 39% 1.08G 0s
   350K .......... .......... .......... .......... .......... 44% 88.0M 0s
   400K .......... .......... .......... .......... .......... 50% 86.3M 0s
   450K .......... .......... .......... .......... .......... 56% 49.5M 0s
   500K .......... .......... .......... .......... .......... 61% 33.2M 0s
   550K .......... .......... .......... .......... .......... 67%  188M 0s
   600K .......... .......... .......... .......... .......... 73% 43.8M 0s
   650K .......... .......... .......... .......... .......... 78%  904M 0s
   700K .......... .......... .......... .......... .......... 84% 88.1M 0s
   750K .......... .......... .......... .......... .......... 89% 71.2M 0s
   800K .......... .......... .......... .......... .......... 95%  376M 0s
   850K .......... .......... .......... .........